<?xml version="1.0" encoding="UTF-8"?>
<!-- Generated by org.testng.reporters.JUnitReportReporter -->
<testsuite skipped="0" hostname="codeLover.local" name="MonKharap.KharapMon.ListOfElements" tests="1" failures="0" timestamp="24 Feb 2020 16:48:31 GMT" time="3.697" errors="0">
  <testcase name="user_launch_chrome_browser" time="3.697" classname="MonKharap.KharapMon.ListOfElements"/>
</testsuite> <!-- MonKharap.KharapMon.ListOfElements -->
