<?xml version="1.0" encoding="UTF-8"?>
<!-- Generated by org.testng.reporters.JUnitReportReporter -->
<testsuite skipped="0" hostname="codeLover.local" name="MonKharap.KharapMon.SortArrayListTest" tests="1" failures="0" timestamp="29 Jan 2020 17:45:02 GMT" time="0.052" errors="0">
  <testcase name="Test" time="0.052" classname="MonKharap.KharapMon.SortArrayListTest"/>
</testsuite> <!-- MonKharap.KharapMon.SortArrayListTest -->
