<?xml version="1.0" encoding="UTF-8"?>
<!-- Generated by org.testng.reporters.JUnitReportReporter -->
<testsuite skipped="0" hostname="codeLover.local" name="MonKharap.KharapMon.NonRepeatedCharacter" tests="2" failures="0" timestamp="04 Feb 2020 15:50:54 GMT" time="0.009" errors="0">
  <testcase name="vua" time="0.001" classname="MonKharap.KharapMon.NonRepeatedCharacter"/>
  <testcase name="testNonRepeat2" time="0.008" classname="MonKharap.KharapMon.NonRepeatedCharacter"/>
</testsuite> <!-- MonKharap.KharapMon.NonRepeatedCharacter -->
