<?xml version="1.0" encoding="UTF-8"?>
<!-- Generated by org.testng.reporters.JUnitReportReporter -->
<testsuite skipped="0" hostname="codeLover.local" name="MonKharap.KharapMon.cognizant" tests="1" failures="0" timestamp="26 May 2020 23:27:26 GMT" time="0.012" errors="0">
  <testcase name="test" time="0.012" classname="MonKharap.KharapMon.cognizant"/>
</testsuite> <!-- MonKharap.KharapMon.cognizant -->
