<?xml version="1.0" encoding="UTF-8"?>
<!-- Generated by org.testng.reporters.JUnitReportReporter -->
<testsuite skipped="0" hostname="codeLover.local" name="MonKharap.KharapMon.Random" tests="6" failures="0" timestamp="04 Jun 2020 17:55:56 GMT" time="0.087" errors="0">
  <testcase name="danial2" time="0.001" classname="MonKharap.KharapMon.Random"/>
  <testcase name="reverse" time="0.001" classname="MonKharap.KharapMon.Random"/>
  <testcase name="danial" time="0.010" classname="MonKharap.KharapMon.Random"/>
  <testcase name="danial3" time="0.001" classname="MonKharap.KharapMon.Random"/>
  <testcase name="danial4" time="0.001" classname="MonKharap.KharapMon.Random"/>
  <testcase name="highestNum" time="0.073" classname="MonKharap.KharapMon.Random"/>
</testsuite> <!-- MonKharap.KharapMon.Random -->
