<?xml version="1.0" encoding="UTF-8"?>
<!-- Generated by org.testng.reporters.JUnitReportReporter -->
<testsuite skipped="0" hostname="codeLover.local" name="MonKharap.KharapMon.JDBC" tests="1" failures="0" timestamp="24 Oct 2019 16:10:40 GMT" time="0.022" errors="0">
  <testcase name="jdbcConne" time="0.022" classname="MonKharap.KharapMon.JDBC"/>
</testsuite> <!-- MonKharap.KharapMon.JDBC -->
