<?xml version="1.0" encoding="UTF-8"?>
<!-- Generated by org.testng.reporters.JUnitReportReporter -->
<testsuite skipped="0" hostname="codeLover.local" name="MonKharap.KharapMon.MapTest" tests="2" failures="0" timestamp="15 Nov 2019 15:39:19 GMT" time="0.022" errors="0">
  <testcase name="tes1" time="0.021" classname="MonKharap.KharapMon.MapTest"/>
  <testcase name="test" time="0.001" classname="MonKharap.KharapMon.MapTest"/>
</testsuite> <!-- MonKharap.KharapMon.MapTest -->
