<?xml version="1.0" encoding="UTF-8"?>
<!-- Generated by org.testng.reporters.JUnitReportReporter -->
<testsuite skipped="0" hostname="codeLover.local" name="MonKharap.KharapMon.Duplicate" tests="1" failures="0" timestamp="07 Jan 2020 19:05:29 GMT" time="0.008" errors="0">
  <testcase name="getDuplicate" time="0.008" classname="MonKharap.KharapMon.Duplicate"/>
</testsuite> <!-- MonKharap.KharapMon.Duplicate -->
